<?xml version="1.0" encoding="UTF-8"?>
<testng-results ignored="0" total="1" passed="1" failed="0" skipped="0">
  <reporter-output>
  </reporter-output>
  <suite started-at="2025-02-06T16:54:46 IST" name="Default suite" finished-at="2025-02-06T16:57:35 IST" duration-ms="168822">
    <groups>
    </groups>
    <test started-at="2025-02-06T16:54:46 IST" name="Default test" finished-at="2025-02-06T16:57:35 IST" duration-ms="168822">
      <class name="automation.TestCases">
        <test-method is-config="true" signature="setUp()[pri:0, instance:automation.TestCases@16d04d3d]" started-at="2025-02-06T16:54:46 IST" name="setUp" finished-at="2025-02-06T16:55:07 IST" duration-ms="20619" status="PASS">
          <reporter-output>
          </reporter-output>
        </test-method> <!-- setUp -->
        <test-method signature="completeWorkflow()[pri:0, instance:automation.TestCases@16d04d3d]" started-at="2025-02-06T16:55:07 IST" name="completeWorkflow" finished-at="2025-02-06T16:57:35 IST" duration-ms="148160" status="PASS">
          <reporter-output>
          </reporter-output>
        </test-method> <!-- completeWorkflow -->
        <test-method is-config="true" signature="tearDown()[pri:0, instance:automation.TestCases@16d04d3d]" started-at="2025-02-06T16:57:35 IST" name="tearDown" finished-at="2025-02-06T16:57:35 IST" duration-ms="0" status="PASS">
          <reporter-output>
          </reporter-output>
        </test-method> <!-- tearDown -->
      </class> <!-- automation.TestCases -->
    </test> <!-- Default test -->
  </suite> <!-- Default suite -->
</testng-results>
